Build started 01/07/2016 15:00:23.
     1>Project "C:\Users\StevenD\Desktop\End Project\Server\Server.vcxproj" on node 2 (Build target(s)).
     1>ClCompile:
         C:\Program Files (x86)\Microsoft Visual Studio 12.0\VC\bin\CL.exe /c /Zi /nologo /W3 /WX- /sdl /O2 /Oi /Oy- /GL /D _MBCS /Gm- /EHsc /MD /GS /Gy /fp:precise /Zc:wchar_t /Zc:forScope /Fo"Release\\" /Fd"Release\vc120.pdb" /Gd /TP /analyze- /errorReport:prompt DataBase.cpp Game.cpp Helper.cpp Question.cpp RecievedMessage.cpp Room.cpp Source.cpp TriviaServer.cpp User.cpp Validator.cpp
         DataBase.cpp
     1>c:\users\stevend\desktop\end project\server\Helper.h(35): warning C4005: 'TRACE' : macro redefinition
                 c:\users\stevend\desktop\end project\server\Helper.h(34) : see previous definition of 'TRACE'
     1>DataBase.cpp(122): warning C4018: '>=' : signed/unsigned mismatch
         Game.cpp
     1>c:\users\stevend\desktop\end project\server\Helper.h(35): warning C4005: 'TRACE' : macro redefinition
                 c:\users\stevend\desktop\end project\server\Helper.h(34) : see previous definition of 'TRACE'
     1>Game.cpp(87): warning C4018: '<' : signed/unsigned mismatch
         Helper.cpp
     1>c:\users\stevend\desktop\end project\server\Helper.h(35): warning C4005: 'TRACE' : macro redefinition
                 c:\users\stevend\desktop\end project\server\Helper.h(34) : see previous definition of 'TRACE'
         Question.cpp
         RecievedMessage.cpp
         Room.cpp
     1>c:\users\stevend\desktop\end project\server\Helper.h(35): warning C4005: 'TRACE' : macro redefinition
                 c:\users\stevend\desktop\end project\server\Helper.h(34) : see previous definition of 'TRACE'
         Source.cpp
     1>c:\users\stevend\desktop\end project\server\Helper.h(35): warning C4005: 'TRACE' : macro redefinition
                 c:\users\stevend\desktop\end project\server\Helper.h(34) : see previous definition of 'TRACE'
         TriviaServer.cpp
     1>c:\users\stevend\desktop\end project\server\Helper.h(35): warning C4005: 'TRACE' : macro redefinition
                 c:\users\stevend\desktop\end project\server\Helper.h(34) : see previous definition of 'TRACE'
     1>TriviaServer.cpp(172): warning C4018: '<' : signed/unsigned mismatch
     1>TriviaServer.cpp(277): warning C4018: '<' : signed/unsigned mismatch
     1>TriviaServer.cpp(295): warning C4018: '<' : signed/unsigned mismatch
         User.cpp
     1>c:\users\stevend\desktop\end project\server\Helper.h(35): warning C4005: 'TRACE' : macro redefinition
                 c:\users\stevend\desktop\end project\server\Helper.h(34) : see previous definition of 'TRACE'
         Validator.cpp
         C:\Program Files (x86)\Microsoft Visual Studio 12.0\VC\bin\CL.exe /c /Zi /nologo /W3 /WX- /sdl /O2 /Oi /Oy- /GL /D _MBCS /Gm- /EHsc /MD /GS /Gy /fp:precise /Zc:wchar_t /Zc:forScope /Fo"Release\\" /Fd"Release\vc120.pdb" /Gd /TC /analyze- /errorReport:prompt sqlite3.c
         sqlite3.c
       Link:
         C:\Program Files (x86)\Microsoft Visual Studio 12.0\VC\bin\link.exe /ERRORREPORT:PROMPT /OUT:"C:\Users\StevenD\Desktop\End Project\Release\Server.exe" /NOLOGO kernel32.lib user32.lib gdi32.lib winspool.lib comdlg32.lib advapi32.lib shell32.lib ole32.lib oleaut32.lib uuid.lib odbc32.lib odbccp32.lib /MANIFEST /MANIFESTUAC:"level='asInvoker' uiAccess='false'" /manifest:embed /DEBUG /PDB:"C:\Users\StevenD\Desktop\End Project\Release\Server.pdb" /OPT:REF /OPT:ICF /LTCG /TLBID:1 /DYNAMICBASE /NXCOMPAT /IMPLIB:"C:\Users\StevenD\Desktop\End Project\Release\Server.lib" /MACHINE:X86 /SAFESEH Release\DataBase.obj
         Release\Game.obj
         Release\Helper.obj
         Release\Question.obj
         Release\RecievedMessage.obj
         Release\Room.obj
         Release\Source.obj
         Release\sqlite3.obj
         Release\TriviaServer.obj
         Release\User.obj
         Release\Validator.obj
         Generating code
         Finished generating code
         Server.vcxproj -> C:\Users\StevenD\Desktop\End Project\Release\Server.exe
     1>Done Building Project "C:\Users\StevenD\Desktop\End Project\Server\Server.vcxproj" (Build target(s)).

Build succeeded.

Time Elapsed 00:00:09.83
