Build started 04/07/2016 15:36:12.
     1>Project "C:\Users\StevenD\Desktop\triviaProjectAdditionalFiles\Project\Finished Project\Server\Server\Server.vcxproj" on node 2 (Build target(s)).
     1>ClCompile:
         C:\Program Files (x86)\Microsoft Visual Studio 12.0\VC\bin\CL.exe /c /ZI /nologo /W3 /WX- /sdl /Od /Oy- /D _MBCS /Gm /EHsc /RTC1 /MDd /GS /fp:precise /Zc:wchar_t /Zc:forScope /Fo"Debug\\" /Fd"Debug\vc120.pdb" /Gd /TP /analyze- /errorReport:prompt DataBase.cpp Game.cpp Helper.cpp Question.cpp RecievedMessage.cpp Room.cpp Source.cpp TriviaServer.cpp User.cpp Validator.cpp
         Validator.cpp
         User.cpp
         TriviaServer.cpp
     1>c:\users\stevend\desktop\triviaprojectadditionalfiles\project\finished project\server\server\triviaserver.cpp(173): warning C4018: '<' : signed/unsigned mismatch
     1>c:\users\stevend\desktop\triviaprojectadditionalfiles\project\finished project\server\server\triviaserver.cpp(278): warning C4018: '<' : signed/unsigned mismatch
     1>c:\users\stevend\desktop\triviaprojectadditionalfiles\project\finished project\server\server\triviaserver.cpp(296): warning C4018: '<' : signed/unsigned mismatch
         Source.cpp
         Room.cpp
         RecievedMessage.cpp
         Question.cpp
         Helper.cpp
         Game.cpp
     1>c:\users\stevend\desktop\triviaprojectadditionalfiles\project\finished project\server\server\game.cpp(77): warning C4018: '<' : signed/unsigned mismatch
         DataBase.cpp
     1>c:\users\stevend\desktop\triviaprojectadditionalfiles\project\finished project\server\server\database.cpp(119): warning C4018: '>=' : signed/unsigned mismatch
         Generating Code...
         C:\Program Files (x86)\Microsoft Visual Studio 12.0\VC\bin\CL.exe /c /ZI /nologo /W3 /WX- /sdl /Od /Oy- /D _MBCS /Gm /EHsc /RTC1 /MDd /GS /fp:precise /Zc:wchar_t /Zc:forScope /Fo"Debug\\" /Fd"Debug\vc120.pdb" /Gd /TC /analyze- /errorReport:prompt sqlite3.c
         sqlite3.c
       Link:
         C:\Program Files (x86)\Microsoft Visual Studio 12.0\VC\bin\link.exe /ERRORREPORT:PROMPT /OUT:"C:\Users\StevenD\Desktop\triviaProjectAdditionalFiles\Project\Finished Project\Server\Debug\Server.exe" /INCREMENTAL /NOLOGO kernel32.lib user32.lib gdi32.lib winspool.lib comdlg32.lib advapi32.lib shell32.lib ole32.lib oleaut32.lib uuid.lib odbc32.lib odbccp32.lib /MANIFEST /MANIFESTUAC:"level='asInvoker' uiAccess='false'" /manifest:embed /DEBUG /PDB:"C:\Users\StevenD\Desktop\triviaProjectAdditionalFiles\Project\Finished Project\Server\Debug\Server.pdb" /TLBID:1 /DYNAMICBASE /NXCOMPAT /IMPLIB:"C:\Users\StevenD\Desktop\triviaProjectAdditionalFiles\Project\Finished Project\Server\Debug\Server.lib" /MACHINE:X86 Debug\DataBase.obj
         Debug\Game.obj
         Debug\Helper.obj
         Debug\Question.obj
         Debug\RecievedMessage.obj
         Debug\Room.obj
         Debug\Source.obj
         Debug\sqlite3.obj
         Debug\TriviaServer.obj
         Debug\User.obj
         Debug\Validator.obj
         Server.vcxproj -> C:\Users\StevenD\Desktop\triviaProjectAdditionalFiles\Project\Finished Project\Server\Debug\Server.exe
     1>Done Building Project "C:\Users\StevenD\Desktop\triviaProjectAdditionalFiles\Project\Finished Project\Server\Server\Server.vcxproj" (Build target(s)).

Build succeeded.

Time Elapsed 00:00:08.04
